<?xml version="1.0" encoding="UTF-8"?>
<!-- Generated by org.testng.reporters.JUnitReportReporter -->
<testsuite hostname="BDC7-L-1CVWXC2" name="package1.Hello3" tests="1" failures="0" timestamp="24 Sep 2019 18:35:13 GMT" time="0.001" errors="0">
  <testcase name="hello" time="0.001" classname="package1.Hello3"/>
</testsuite> <!-- package1.Hello3 -->
