<?xml version="1.0" encoding="UTF-8"?>
<!-- Generated by org.testng.reporters.JUnitReportReporter -->
<testsuite hostname="BDC7-L-1CVWXC2" name="package1.Hello2" tests="1" failures="0" timestamp="24 Sep 2019 17:43:33 GMT" time="0.000" errors="0">
  <testcase name="hello" time="0.000" classname="package1.Hello2"/>
</testsuite> <!-- package1.Hello2 -->
