<?xml version="1.0" encoding="UTF-8"?>
<!-- Generated by org.testng.reporters.JUnitReportReporter -->
<testsuite hostname="BDC7-L-1CVWXC2" name="package1.Hello" tests="2" failures="0" timestamp="24 Sep 2019 18:47:48 GMT" time="0.031" errors="0">
  <testcase name="test" time="0.000" classname="package1.Hello"/>
  <testcase name="test" time="0.031" classname="package1.Hello"/>
</testsuite> <!-- package1.Hello -->
